\BOOKMARK [1][-]{section.1}{\376\377\137\025\212\000}{}% 1
\BOOKMARK [1][-]{section.2}{\376\377\127\372\147\054\120\107\213\276\116\016\173\046\123\367\213\364\146\016}{}% 2
\BOOKMARK [2][-]{subsection.2.1}{\376\377\127\372\147\054\120\107\213\276}{section.2}% 3
\BOOKMARK [2][-]{subsection.2.2}{\376\377\173\046\123\367\213\364\146\016}{section.2}% 4
\BOOKMARK [1][-]{section.3}{\376\377\123\314\121\111\147\137\136\162\155\211\152\041\127\213}{}% 5
\BOOKMARK [2][-]{subsection.3.1}{\376\377\162\151\164\006\152\041\127\213}{section.3}% 6
\BOOKMARK [2][-]{subsection.3.2}{\376\377\121\111\172\013\135\356\116\016\166\370\117\115\135\356}{section.3}% 7
\BOOKMARK [2][-]{subsection.3.3}{\376\377\123\315\134\004\163\207\121\154\137\017}{section.3}% 8
\BOOKMARK [1][-]{section.4}{\376\377\142\230\134\004\163\207\152\041\127\213}{}% 9
\BOOKMARK [1][-]{section.5}{\376\377\123\232\136\246\170\156\133\232\173\227\154\325}{}% 10
\BOOKMARK [2][-]{subsection.5.1}{\376\377\166\370\220\273\147\201\120\074\154\325}{section.5}% 11
\BOOKMARK [2][-]{subsection.5.2}{\376\377\176\277\140\047\126\336\137\122\154\325}{section.5}% 12
\BOOKMARK [2][-]{subsection.5.3}{\376\377\000F\000F\000T\154\325}{section.5}% 13
\BOOKMARK [2][-]{subsection.5.4}{\376\377\135\356\122\006\217\333\123\026\142\337\124\010\154\325}{section.5}% 14
\BOOKMARK [1][-]{section.6}{\376\377\000S\000i\000C\131\026\136\366\134\102\123\232\136\246\122\006\147\220}{}% 15
\BOOKMARK [2][-]{subsection.6.1}{\376\377\145\160\143\156\230\204\131\004\164\006}{section.6}% 16
\BOOKMARK [2][-]{subsection.6.2}{\376\377\213\241\173\227\176\323\147\234}{section.6}% 17
\BOOKMARK [2][-]{subsection.6.3}{\376\377\123\357\227\140\140\047\122\006\147\220}{section.6}% 18
\BOOKMARK [1][-]{section.7}{\376\377\131\032\121\111\147\137\136\162\155\211\122\006\147\220}{}% 19
\BOOKMARK [2][-]{subsection.7.1}{\376\377\131\032\121\111\147\137\136\162\155\211\137\305\211\201\147\141\116\366}{section.7}% 20
\BOOKMARK [2][-]{subsection.7.2}{\376\377\000S\000i\000C\116\016\000S\000i\166\204\131\032\121\111\147\137\136\162\155\211\145\110\136\224\133\371\153\324}{section.7}% 21
\BOOKMARK [2][-]{subsection.7.3}{\376\377\000S\000i\131\026\136\366\134\102\123\232\136\246\122\006\147\220}{section.7}% 22
\BOOKMARK [1][-]{section.8}{\376\377\176\323\213\272}{}% 23
